<?xml version="1.0" encoding="UTF-8"?>
<!-- Generated by org.testng.reporters.JUnitXMLReporter -->
<testsuite ignored="0" hostname="DEEPAK-LAPTOP" failures="0" tests="3" name="Default test" time="9.183" errors="0" timestamp="2025-07-25T15:16:10 IST">
  <testcase classname="Cheackbox_radiobutton.Cheack_Toggle" name="cheackBox" time="1.71"/>
  <testcase classname="Cheackbox_radiobutton.Cheack_Toggle" name="radio" time="1.926"/>
  <testcase classname="Cheackbox_radiobutton.Cheack_Toggle" name="getImageAttribute" time="0.123"/>
</testsuite> <!-- Default test -->
