<?xml version="1.0" encoding="UTF-8"?>
<testng-results ignored="0" total="2" passed="2" failed="0" skipped="0">
  <reporter-output>
  </reporter-output>
  <suite started-at="2025-07-26T19:34:54 IST" name="Default suite" finished-at="2025-07-26T19:35:11 IST" duration-ms="17262">
    <groups>
    </groups>
    <test started-at="2025-07-26T19:34:54 IST" name="Default test" finished-at="2025-07-26T19:35:11 IST" duration-ms="17262">
      <class name="audio_video.Audio_video">
        <test-method is-config="true" signature="preCondition()[pri:0, instance:audio_video.Audio_video@247bddad]" started-at="2025-07-26T19:34:54 IST" name="preCondition" finished-at="2025-07-26T19:35:01 IST" duration-ms="6923" status="PASS">
          <reporter-output>
          </reporter-output>
        </test-method> <!-- preCondition -->
        <test-method signature="testAudio()[pri:0, instance:audio_video.Audio_video@247bddad]" started-at="2025-07-26T19:35:01 IST" name="testAudio" finished-at="2025-07-26T19:35:06 IST" duration-ms="4807" status="PASS">
          <reporter-output>
          </reporter-output>
        </test-method> <!-- testAudio -->
        <test-method signature="testVideo()[pri:0, instance:audio_video.Audio_video@247bddad]" started-at="2025-07-26T19:35:06 IST" name="testVideo" finished-at="2025-07-26T19:35:09 IST" duration-ms="3120" status="PASS">
          <reporter-output>
          </reporter-output>
        </test-method> <!-- testVideo -->
        <test-method is-config="true" signature="postCondition()[pri:0, instance:audio_video.Audio_video@247bddad]" started-at="2025-07-26T19:35:09 IST" name="postCondition" finished-at="2025-07-26T19:35:11 IST" duration-ms="2320" status="PASS">
          <reporter-output>
          </reporter-output>
        </test-method> <!-- postCondition -->
      </class> <!-- audio_video.Audio_video -->
    </test> <!-- Default test -->
  </suite> <!-- Default suite -->
</testng-results>
